[17/05/2025 02:52:37] === Log started ===
[17/05/2025 02:52:37] [INFO] class com.badlogic.gdx.utils.Logger: Resized MainScreen to: 1200x720
[17/05/2025 02:52:37] [INFO] class com.badlogic.gdx.utils.Logger: Game started - Loaded LoginScreen
[17/05/2025 02:52:37] [INFO] class com.badlogic.gdx.utils.Logger: Resized MainScreen to: 1200x720
[17/05/2025 02:52:39] [INFO] class com.badlogic.gdx.utils.Logger: Resized MainScreen to: 1920x1057
[17/05/2025 02:52:40] [INFO] class com.badlogic.gdx.utils.Logger: GameScreen initialized with window size: 1920x1057
[17/05/2025 02:52:40] [INFO] class com.badlogic.gdx.utils.Logger: Map loaded successfully: Map_Assets/Map_Level_1.tmx
[17/05/2025 02:52:40] [INFO] class com.badlogic.gdx.utils.Logger: MapController initialized with map: Map_Assets/Map_Level_1.tmx
[17/05/2025 02:52:40] [INFO] class com.badlogic.gdx.utils.Logger: Block polygon loaded: 9
[17/05/2025 02:52:40] [INFO] class com.badlogic.gdx.utils.Logger: Chess piece created: King at tilePosition: (3.0,4.0)
[17/05/2025 02:52:40] [INFO] class com.badlogic.gdx.utils.Logger: Chess piece created: Knight at tilePosition: (7.0,7.0)
[17/05/2025 02:52:40] [INFO] class com.badlogic.gdx.utils.Logger: Chess piece created: TargetChess at tilePosition: (13.0,5.0)
[17/05/2025 02:52:40] [INFO] class com.badlogic.gdx.utils.Logger: Window resized to: 1920x1057
[17/05/2025 02:52:40] [INFO] class com.badlogic.gdx.utils.Logger: Chess piece is grounded on platform: com.badlogic.gdx.math.Polygon@49d904ec
[17/05/2025 02:52:40] [INFO] class com.badlogic.gdx.utils.Logger: Chess piece is grounded on platform: com.badlogic.gdx.math.Polygon@48e4374
[17/05/2025 02:52:40] [INFO] class com.badlogic.gdx.utils.Logger: Chess piece is grounded on platform: com.badlogic.gdx.math.Polygon@3d680b5a
[17/05/2025 02:52:41] [INFO] class com.badlogic.gdx.utils.Logger: Selected chess: Knight at position: (7.0,5.0)
[17/05/2025 02:52:41] [INFO] class com.badlogic.gdx.utils.Logger: Selected chess tile bounds: [7.0,5.0,1.0,1.0]
[17/05/2025 02:52:43] [INFO] class com.badlogic.gdx.utils.Logger: Chess piece is grounded on platform: com.badlogic.gdx.math.Polygon@48e4374
[17/05/2025 02:52:44] [INFO] class com.badlogic.gdx.utils.Logger: Window resized to: 1200x720
[17/05/2025 02:52:45] [INFO] class com.badlogic.gdx.utils.Logger: Map loaded successfully: Map_Assets/Map_Level_2.tmx
[17/05/2025 02:52:45] [INFO] class com.badlogic.gdx.utils.Logger: MapController initialized with map: Map_Assets/Map_Level_2.tmx
[17/05/2025 02:52:45] [INFO] class com.badlogic.gdx.utils.Logger: Block polygon loaded: 3
[17/05/2025 02:52:45] [INFO] class com.badlogic.gdx.utils.Logger: Chess piece created: Rook at tilePosition: (5.0,8.0)
[17/05/2025 02:52:45] [INFO] class com.badlogic.gdx.utils.Logger: Chess piece created: TargetChess at tilePosition: (11.0,5.0)
[17/05/2025 02:52:45] [INFO] class com.badlogic.gdx.utils.Logger: Chess piece is grounded on platform: com.badlogic.gdx.math.Polygon@4b5d6a01
[17/05/2025 02:52:45] [INFO] class com.badlogic.gdx.utils.Logger: Chess piece is grounded on platform: com.badlogic.gdx.math.Polygon@4a22f9e2
[17/05/2025 02:52:46] [INFO] class com.badlogic.gdx.utils.Logger: Selected chess: Rook at position: (5.0,8.0)
[17/05/2025 02:52:46] [INFO] class com.badlogic.gdx.utils.Logger: Selected chess tile bounds: [5.0,8.0,1.0,1.0]
[17/05/2025 02:52:47] [INFO] class com.badlogic.gdx.utils.Logger: Chess piece is grounded on platform: com.badlogic.gdx.math.Polygon@4a22f9e2
[17/05/2025 02:52:48] [INFO] class com.badlogic.gdx.utils.Logger: Selected chess: Rook at position: (10.0,5.0)
[17/05/2025 02:52:48] [INFO] class com.badlogic.gdx.utils.Logger: Selected chess tile bounds: [10.0,5.0,1.0,1.0]
[17/05/2025 02:52:50] [INFO] class com.badlogic.gdx.utils.Logger: Chess piece is grounded on platform: com.badlogic.gdx.math.Polygon@4a22f9e2
[17/05/2025 02:52:50] [INFO] class com.badlogic.gdx.utils.Logger: Game disposed - Unloaded Game Screen
